15:07:28 INFO  : Registering command handlers for SDK TCF services
15:07:29 INFO  : Launching XSCT server: xsct.bat -interactive E:\e38\project_1.sdk\temp_xsdb_launch_script.tcl
15:07:32 INFO  : XSCT server has started successfully.
15:07:33 INFO  : Successfully done setting XSCT server connection channel  
15:07:33 INFO  : Processing command line option -hwspec E:/e38/project_1.sdk/design_1_wrapper.hdf.
15:07:33 INFO  : Successfully done setting SDK workspace  
15:27:39 INFO  : Invoking Bootgen: bootgen -image SD_BOOT.bif -arch zynqmp -o E:\e38\project_1.sdk\SD_BOOT\bootimage\BOOT.bin
15:27:39 INFO  : Creating new bif file E:\e38\project_1.sdk\SD_BOOT\bootimage\SD_BOOT.bif
15:27:43 INFO  : Bootgen command execution is done.
15:28:45 INFO  : Saving repository preferences.
15:28:45 INFO  : Reading in cores from local repositories: 
		 D:\Users\ChihChien\Desktop\device-tree-xlnx-master\device-tree-xlnx-master
15:28:45 INFO  : Cleaning BSP projects in the workspace.
15:38:35 INFO  : Saving repository preferences.
15:41:30 INFO  : Connected to target on host '127.0.0.1' and port '3121'.
15:41:40 INFO  : ----------------XSDB Script----------------
connect -url tcp:127.0.0.1:3121
----------------End of Script----------------

15:42:50 INFO  : Connected to target on host '127.0.0.1' and port '3121'.
15:42:59 INFO  : ----------------XSDB Script----------------
connect -url tcp:127.0.0.1:3121
----------------End of Script----------------

15:46:52 INFO  : Restoring File Contents to Memory...
15:47:00 INFO  : Restored Contents to Memory Successfully from File E:\test pattern\nv_small\dla_copy\Image_q_dog_HW.bin
15:47:36 INFO  : Restoring File Contents to Memory...
15:47:44 INFO  : Restored Contents to Memory Successfully from File E:\test pattern\nv_small\dla_copy\Image_q_dog_HW.bin
15:47:56 INFO  : Connected to target on host '127.0.0.1' and port '3121'.
15:47:57 INFO  : Jtag cable 'Xilinx HW-Z1-ZCU104 FT4232H 92909A' is selected.
15:47:57 INFO  : 'jtag frequency' command is executed.
15:47:57 INFO  : Sourcing of 'F:/Xilinx/SDK/2018.3/scripts/sdk/util/zynqmp_utils.tcl' is done.
15:47:57 INFO  : Context for 'APU' is selected.
15:47:57 INFO  : Hardware design information is loaded from 'E:/e38/project_1.sdk/design_1_wrapper_hw_platform_0/system.hdf'.
15:47:57 INFO  : 'configparams force-mem-access 1' command is executed.
15:47:58 INFO  : Context for processor 'psu_cortexa53_0' is selected.
15:47:58 INFO  : Processor reset is completed for 'psu_cortexa53_0'.
15:47:58 INFO  : The application 'E:/e38/project_1.sdk/dla_copy/Debug/dla_copy.elf' is downloaded to processor 'psu_cortexa53_0'.
15:47:58 INFO  : 'configparams force-mem-access 0' command is executed.
15:47:58 INFO  : ----------------XSDB Script----------------
connect -url tcp:127.0.0.1:3121
source F:/Xilinx/SDK/2018.3/scripts/sdk/util/zynqmp_utils.tcl
targets -set -nocase -filter {name =~"APU*" && jtag_cable_name =~ "Xilinx HW-Z1-ZCU104 FT4232H 92909A"} -index 1
loadhw -hw E:/e38/project_1.sdk/design_1_wrapper_hw_platform_0/system.hdf -mem-ranges [list {0x80000000 0xbfffffff} {0x400000000 0x5ffffffff} {0x1000000000 0x7fffffffff}]
configparams force-mem-access 1
targets -set -nocase -filter {name =~"*A53*0" && jtag_cable_name =~ "Xilinx HW-Z1-ZCU104 FT4232H 92909A"} -index 1
rst -processor
dow E:/e38/project_1.sdk/dla_copy/Debug/dla_copy.elf
configparams force-mem-access 0
----------------End of Script----------------

15:47:58 INFO  : Context for processor 'psu_cortexa53_0' is selected.
15:47:58 INFO  : 'con' command is executed.
15:47:58 INFO  : ----------------XSDB Script (After Launch)----------------
targets -set -nocase -filter {name =~"*A53*0" && jtag_cable_name =~ "Xilinx HW-Z1-ZCU104 FT4232H 92909A"} -index 1
con
----------------End of Script----------------

15:47:58 INFO  : Launch script is exported to file 'E:\e38\project_1.sdk\.sdk\launch_scripts\xilinx_c-c++_application_(system_debugger)\system_debugger_using_debug_dla_copy.elf_on_local.tcl'
15:50:15 INFO  : Restoring File Contents to Memory...
15:50:15 INFO  : Restored Contents to Memory Successfully from File E:\test pattern\nv_small\conv_8x8_3x3_fc_ic32_oc32\CONV_SDP_0_input.bin
15:50:53 INFO  : Restoring File Contents to Memory...
15:50:53 INFO  : Restored Contents to Memory Successfully from File E:\test pattern\nv_small\conv_8x8_3x3_fc_ic32_oc32\CONV_SDP_0_weight.bin
15:51:40 INFO  : Restoring File Contents to Memory...
15:51:40 INFO  : Restored Contents to Memory Successfully from File E:\test pattern\nv_small\conv_8x8_3x3_fc_ic32_oc32\CONV_SDP_0_output_golden.bin
15:51:55 INFO  : Disconnected from the channel tcfchan#1.
15:51:56 INFO  : Connected to target on host '127.0.0.1' and port '3121'.
15:52:07 INFO  : Jtag cable 'Xilinx HW-Z1-ZCU104 FT4232H 92909A' is selected.
15:52:07 INFO  : 'jtag frequency' command is executed.
15:52:08 INFO  : Sourcing of 'F:/Xilinx/SDK/2018.3/scripts/sdk/util/zynqmp_utils.tcl' is done.
15:52:08 INFO  : Context for 'APU' is selected.
15:52:08 INFO  : Hardware design information is loaded from 'E:/e38/project_1.sdk/design_1_wrapper_hw_platform_0/system.hdf'.
15:52:08 INFO  : 'configparams force-mem-access 1' command is executed.
15:52:08 INFO  : Context for processor 'psu_cortexa53_0' is selected.
15:52:08 INFO  : Processor reset is completed for 'psu_cortexa53_0'.
15:52:09 INFO  : The application 'E:/e38/project_1.sdk/conv_8x8_3x3_fc_ic32_oc32/Debug/conv_8x8_3x3_fc_ic32_oc32.elf' is downloaded to processor 'psu_cortexa53_0'.
15:52:09 INFO  : 'configparams force-mem-access 0' command is executed.
15:52:09 INFO  : ----------------XSDB Script----------------
connect -url tcp:127.0.0.1:3121
source F:/Xilinx/SDK/2018.3/scripts/sdk/util/zynqmp_utils.tcl
targets -set -nocase -filter {name =~"APU*" && jtag_cable_name =~ "Xilinx HW-Z1-ZCU104 FT4232H 92909A"} -index 1
loadhw -hw E:/e38/project_1.sdk/design_1_wrapper_hw_platform_0/system.hdf -mem-ranges [list {0x80000000 0xbfffffff} {0x400000000 0x5ffffffff} {0x1000000000 0x7fffffffff}]
configparams force-mem-access 1
targets -set -nocase -filter {name =~"*A53*0" && jtag_cable_name =~ "Xilinx HW-Z1-ZCU104 FT4232H 92909A"} -index 1
rst -processor
dow E:/e38/project_1.sdk/conv_8x8_3x3_fc_ic32_oc32/Debug/conv_8x8_3x3_fc_ic32_oc32.elf
configparams force-mem-access 0
----------------End of Script----------------

15:52:09 INFO  : Context for processor 'psu_cortexa53_0' is selected.
15:52:09 INFO  : 'con' command is executed.
15:52:09 INFO  : ----------------XSDB Script (After Launch)----------------
targets -set -nocase -filter {name =~"*A53*0" && jtag_cable_name =~ "Xilinx HW-Z1-ZCU104 FT4232H 92909A"} -index 1
con
----------------End of Script----------------

15:52:09 INFO  : Launch script is exported to file 'E:\e38\project_1.sdk\.sdk\launch_scripts\xilinx_c-c++_application_(system_debugger)\system_debugger_using_debug_conv_8x8_3x3_fc_ic32_oc32.elf_on_local.tcl'
15:52:19 INFO  : Disconnected from the channel tcfchan#3.
